17:58:12.087 [main] INFO  slacktestcases.SlackQueuedInviteFlowValidation - View Queued Invites button is displayed? true
17:58:12.089 [main] INFO  slacktestcases.SlackQueuedInviteFlowValidation - Testcase-4 passed since Queued Invites flow is selected on choosing send them later button
17:58:12.270 [main] INFO  slacktestcases.SlackQueuedInviteFlowValidation - Testcase-5 passed since application landed on Invites Page On Queued invite
17:58:13.814 [main] INFO  slacktestcases.SlackQueuedInviteFlowValidation - Disconnect Slack?
17:58:13.897 [main] INFO  slacktestcases.SlackQueuedInviteFlowValidation - Testcase-6 passed since slack is disconnected from settings
17:58:16.971 [main] INFO  slacktestcases.SlackQueuedInviteFlowValidation - the text is Connect your identity provider
17:58:17.007 [main] INFO  slacktestcases.SlackQueuedInviteFlowValidation - Testcase-6 passed since application landed on Manage page after disconnecting from quick settings
18:00:02.862 [main] INFO  resources.Base - executing on the browser null
18:00:02.865 [main] INFO  resources.Base - executing on the browser chrome
18:00:07.408 [main] INFO  resources.Base - executing on the browser null
18:00:07.408 [main] INFO  resources.Base - executing on the browser chrome
18:00:18.450 [main] INFO  resources.Base - executing on the browser https://dev.joinassembly.com/signin
18:00:18.450 [main] INFO  resources.Base - Navigated to the provided URL
18:00:18.523 [main] INFO  resources.Base - Assertion passed for login page
18:00:38.353 [main] INFO  resources.Base - executing on the browser null
18:00:38.357 [main] INFO  resources.Base - executing on the browser chrome
18:00:42.999 [main] INFO  resources.Base - executing on the browser null
18:00:42.999 [main] INFO  resources.Base - executing on the browser chrome
18:00:53.798 [main] INFO  resources.Base - executing on the browser https://dev.joinassembly.com/signin
18:00:53.798 [main] INFO  resources.Base - Navigated to the provided URL
18:00:53.885 [main] INFO  resources.Base - Assertion passed for login page
