13:39:35.740 [main] INFO  resources.InitiateDriver - executing on the browser https://dev.joinassembly.com/v2/home
13:39:35.745 [main] INFO  resources.InitiateDriver - executing on the browser chrome
13:39:46.934 [main] INFO  billing.BillingSignIn - executing on the browser https://dev.joinassembly.com/signin
13:39:46.935 [main] INFO  billing.BillingSignIn - Navigated to the provided URL
13:39:47.001 [main] INFO  billing.BillingSignIn - Assertion passed for login page
13:42:30.540 [main] INFO  resources.InitiateDriver - executing on the browser https://dev.joinassembly.com/v2/home
13:42:30.543 [main] INFO  resources.InitiateDriver - executing on the browser chrome
13:42:35.009 [main] INFO  resources.InitiateDriver - executing on the browser https://dev.joinassembly.com/v2/home
13:42:35.010 [main] INFO  resources.InitiateDriver - executing on the browser chrome
13:42:46.355 [main] INFO  billingFlow.FreePlanBillingFlow - executing on the browser https://dev.joinassembly.com/signin
13:42:46.355 [main] INFO  billingFlow.FreePlanBillingFlow - Navigated to the provided URL
13:42:46.390 [main] INFO  billingFlow.FreePlanBillingFlow - Assertion passed for login page
13:42:50.960 [main] INFO  billingFlow.FreePlanBillingFlow - Successfully logged into Assembly homepage!
13:42:50.961 [main] INFO  billingFlow.FreePlanBillingFlow - Assertion Passed for homepage landing
13:42:55.461 [main] INFO  billingFlow.FreePlanBillingFlow - Account plan landing page text is > Account Plan
13:42:55.461 [main] INFO  billingFlow.FreePlanBillingFlow - Testcase-1 passed since application landed on Manage page and Assertion passed
13:43:08.707 [main] INFO  resources.InitiateDriver - executing on the browser https://dev.joinassembly.com/v2/home
13:43:08.710 [main] INFO  resources.InitiateDriver - executing on the browser chrome
13:43:13.297 [main] INFO  resources.InitiateDriver - executing on the browser https://dev.joinassembly.com/v2/home
13:43:13.297 [main] INFO  resources.InitiateDriver - executing on the browser chrome
